Loading modulefiles version 2021.11
Loading itac version 2022.0

Loading comp/oneapi/2024
  Loading requirement: comp/oneapi/2024-modules/compiler-rt32/latest
    comp/oneapi/2024-modules/ifort32/2024.0.0
    comp/oneapi/2024-modules/tbb/latest
    comp/oneapi/2024-modules/compiler-rt/latest
    comp/oneapi/2024-modules/mkl/2024.0 comp/oneapi/2024-modules/ifort/2024.0.0
    comp/oneapi/2024-modules/debugger/2024.0.0
    comp/oneapi/2024-modules/dpct/2024.0.0 comp/oneapi/2024-modules/dal/2024.0.0
    comp/oneapi/2024-modules/tbb32/latest
    comp/oneapi/2024-modules/intel_ipp_ia32/2021.10
    comp/oneapi/2024-modules/dnnl/3.3.0 comp/oneapi/2024-modules/tbb/2021.11
    comp/oneapi/2024-modules/dev-utilities/2024.0.0
    comp/oneapi/2024-modules/mkl32/2024.0 comp/oneapi/2024-modules/ccl/2021.11.0
    comp/oneapi/2024-modules/intel_ippcp_ia32/2021.9
    comp/oneapi/2024-modules/compiler32/2024.0.0
    comp/oneapi/2024-modules/compiler-rt/2024.0.0
    comp/oneapi/2024-modules/inspector/2024.0
    comp/oneapi/2024-modules/oclfpga/2024.0.0
    comp/oneapi/2024-modules/mpi/2021.11
    comp/oneapi/2024-modules/compiler-rt32/2024.0.0
    comp/oneapi/2024-modules/advisor/2024.0
    comp/oneapi/2024-modules/intel_ipp_intel64/2021.10
    comp/oneapi/2024-modules/intel_ippcp_intel64/2021.9
    comp/oneapi/2024-modules/tbb32/2021.11 comp/oneapi/2024-modules/dpl/2022.3
    comp/oneapi/2024-modules/compiler/2024.0.0
    comp/oneapi/2024-modules/itac/2022.0 comp/oneapi/2024-modules/vtune/2024.0
parallel.c: In function ‘main’:
parallel.c:254:49: warning: unused variable ‘q_dot_q_local’ [-Wunused-variable]
  254 |         double p_dot_q, q_dot_q, p_dot_q_local, q_dot_q_local;
      |                                                 ^~~~~~~~~~~~~
parallel.c:254:25: warning: unused variable ‘q_dot_q’ [-Wunused-variable]
  254 |         double p_dot_q, q_dot_q, p_dot_q_local, q_dot_q_local;
      |                         ^~~~~~~
parallel.c:351:13: warning: ‘MPI_Waitall’ accessing 20 bytes in a region of size 0 [-Wstringop-overflow=]
  351 |             MPI_Waitall(2 * peer_count, reqs, MPI_STATUSES_IGNORE);
      |             ^~~~~~~~~~~~~~~~~~~~~~~~~~~~~~~~~~~~~~~~~~~~~~~~~~~~~~
parallel.c:351:13: note: referencing argument 3 of type ‘MPI_Status *’
In file included from parallel.c:6:
/arf/sw/comp/oneapi/2024/mpi/2021.11/include/mpi.h:1076:5: note: in a call to function ‘MPI_Waitall’
 1076 | int MPI_Waitall(int count, MPI_Request array_of_requests[], MPI_Status array_of_statuses[]) MPICH_API_PUBLIC;
      |     ^~~~~~~~~~~
parallel.c:298:13: warning: ‘MPI_Waitall’ accessing 20 bytes in a region of size 0 [-Wstringop-overflow=]
  298 |             MPI_Waitall(request_index, requests, MPI_STATUSES_IGNORE);
      |             ^~~~~~~~~~~~~~~~~~~~~~~~~~~~~~~~~~~~~~~~~~~~~~~~~~~~~~~~~
parallel.c:298:13: note: referencing argument 3 of type ‘MPI_Status *’
In file included from parallel.c:6:
/arf/sw/comp/oneapi/2024/mpi/2021.11/include/mpi.h:1076:5: note: in a call to function ‘MPI_Waitall’
 1076 | int MPI_Waitall(int count, MPI_Request array_of_requests[], MPI_Status array_of_statuses[]) MPICH_API_PUBLIC;
      |     ^~~~~~~~~~~
parallel.c:298:13: warning: ‘MPI_Waitall’ accessing 20 bytes in a region of size 0 [-Wstringop-overflow=]
  298 |             MPI_Waitall(request_index, requests, MPI_STATUSES_IGNORE);
      |             ^~~~~~~~~~~~~~~~~~~~~~~~~~~~~~~~~~~~~~~~~~~~~~~~~~~~~~~~~
parallel.c:298:13: note: referencing argument 3 of type ‘MPI_Status *’
In file included from parallel.c:6:
/arf/sw/comp/oneapi/2024/mpi/2021.11/include/mpi.h:1076:5: note: in a call to function ‘MPI_Waitall’
 1076 | int MPI_Waitall(int count, MPI_Request array_of_requests[], MPI_Status array_of_statuses[]) MPICH_API_PUBLIC;
      |     ^~~~~~~~~~~
row_parallel.c: In function ‘main’:
row_parallel.c:244:17: warning: ‘MPI_Waitall’ accessing 20 bytes in a region of size 0 [-Wstringop-overflow=]
  244 |                 MPI_Waitall(request_counter, requests, MPI_STATUSES_IGNORE);
      |                 ^~~~~~~~~~~~~~~~~~~~~~~~~~~~~~~~~~~~~~~~~~~~~~~~~~~~~~~~~~~
row_parallel.c:244:17: note: referencing argument 3 of type ‘MPI_Status *’
In file included from row_parallel.c:6:
/arf/sw/comp/oneapi/2024/mpi/2021.11/include/mpi.h:1076:5: note: in a call to function ‘MPI_Waitall’
 1076 | int MPI_Waitall(int count, MPI_Request array_of_requests[], MPI_Status array_of_statuses[]) MPICH_API_PUBLIC;
      |     ^~~~~~~~~~~
